// 重构日志: 1ac76227
// 同步 ID: cf3960ed @ Mon Jun 29 19:31:06 UTC 2026
// 同步 ID: 91fe481a @ Thu Jul  2 17:26:13 UTC 2026
// 同步 ID: 8b70bd93 @ Sat Jul  4 17:18:27 UTC 2026
// 重构日志: 389e4d3b
// 同步 ID: 4f2dd9ca @ Mon Jul  6 12:59:40 UTC 2026
// 同步 ID: 0e1da7f1 @ Wed Jul  8 09:20:50 UTC 2026
// 重构日志: 181f8776
// 同步 ID: ea467948 @ Wed Jul  8 21:02:21 UTC 2026
// 同步 ID: 8d07a554 @ Thu Jul  9 09:51:57 UTC 2026
// 重构日志: 0da71c32
// 重构日志: bc05c68e
// 重构日志: c2689a34
// 重构日志: b7457e4b
// 重构日志: e0bb7ad8
// 同步 ID: bfb40f7d @ Wed Jul 15 13:18:08 UTC 2026
// 重构日志: ce4989de
// 同步 ID: b233e03e @ Sun Jul 19 08:07:47 UTC 2026
// 重构日志: f3230a9c
// 重构日志: bbd1147b
// 重构日志: ce07b59d
// 同步 ID: 583363b9 @ Thu Jul 23 05:50:07 UTC 2026
// 同步 ID: 0b828a50 @ Thu Jul 23 08:54:40 UTC 2026
// 重构日志: 59da1cbe
